CRITICAL - 2024-03-08 07:46:16 --> ErrorException: Undefined variable $data
in APPPATH\Views\transaksi.php on line 9.
 1 APPPATH\Views\transaksi.php(9): CodeIgniter\Debug\Exceptions->errorHandler(2, 'Undefined variable $data', 'D:\\xampp\\htdocs\\testSigma\\app\\Views\\transaksi.php', 9)
 2 SYSTEMPATH\View\View.php(228): include('D:\\xampp\\htdocs\\testSigma\\app\\Views\\transaksi.php')
 3 SYSTEMPATH\View\View.php(231): CodeIgniter\View\View->CodeIgniter\View\{closure}()
 4 SYSTEMPATH\Common.php(1178): CodeIgniter\View\View->render('transaksi', [], true)
 5 APPPATH\Controllers\transaksiController.php(18): view('transaksi', [...])
 6 SYSTEMPATH\CodeIgniter.php(941): App\Controllers\transaksiController->index()
 7 SYSTEMPATH\CodeIgniter.php(502): CodeIgniter\CodeIgniter->runController(Object(App\Controllers\transaksiController))
 8 SYSTEMPATH\CodeIgniter.php(361): CodeIgniter\CodeIgniter->handleRequest(null, Object(Config\Cache), false)
 9 FCPATH\index.php(79): CodeIgniter\CodeIgniter->run()
10 SYSTEMPATH\Commands\Server\rewrite.php(47): require_once('D:\\xampp\\htdocs\\testSigma\\public\\index.php')
CRITICAL - 2024-03-08 07:51:28 --> ErrorException: Attempt to read property "namaBarang" on array
in APPPATH\Views\transaksi.php on line 11.
 1 APPPATH\Views\transaksi.php(11): CodeIgniter\Debug\Exceptions->errorHandler(2, 'Attempt to read property "namaBarang" on array', 'D:\\xampp\\htdocs\\testSigma\\app\\Views\\transaksi.php', 11)
 2 SYSTEMPATH\View\View.php(228): include('D:\\xampp\\htdocs\\testSigma\\app\\Views\\transaksi.php')
 3 SYSTEMPATH\View\View.php(231): CodeIgniter\View\View->CodeIgniter\View\{closure}()
 4 SYSTEMPATH\Common.php(1178): CodeIgniter\View\View->render('transaksi', [], true)
 5 APPPATH\Controllers\transaksiController.php(18): view('transaksi', [...])
 6 SYSTEMPATH\CodeIgniter.php(941): App\Controllers\transaksiController->index()
 7 SYSTEMPATH\CodeIgniter.php(502): CodeIgniter\CodeIgniter->runController(Object(App\Controllers\transaksiController))
 8 SYSTEMPATH\CodeIgniter.php(361): CodeIgniter\CodeIgniter->handleRequest(null, Object(Config\Cache), false)
 9 FCPATH\index.php(79): CodeIgniter\CodeIgniter->run()
10 SYSTEMPATH\Commands\Server\rewrite.php(47): require_once('D:\\xampp\\htdocs\\testSigma\\public\\index.php')
